\BOOKMARK [0][-]{abstract.0}{Abstract}{}% 1
\BOOKMARK [0][-]{toc.0}{Contents}{}% 2
\BOOKMARK [0][-]{chapter.1}{Introduction}{}% 3
\BOOKMARK [1][-]{section.1.1}{Document Structure}{chapter.1}% 4
\BOOKMARK [1][-]{section.1.2}{Paragraph Formatting}{chapter.1}% 5
\BOOKMARK [1][-]{section.1.3}{Font}{chapter.1}% 6
\BOOKMARK [2][-]{subsection.1.3.1}{Emphasizing}{section.1.3}% 7
\BOOKMARK [2][-]{subsection.1.3.2}{Font Styles}{section.1.3}% 8
\BOOKMARK [2][-]{subsection.1.3.3}{Font Sizes}{section.1.3}% 9
\BOOKMARK [1][-]{section.1.4}{Colors}{chapter.1}% 10
\BOOKMARK [1][-]{section.1.5}{List Structures}{chapter.1}% 11
\BOOKMARK [1][-]{section.1.6}{Tables}{chapter.1}% 12
\BOOKMARK [2][-]{subsection.1.6.1}{Table Environment}{section.1.6}% 13
\BOOKMARK [1][-]{section.1.7}{Using Graphics}{chapter.1}% 14
\BOOKMARK [2][-]{subsection.1.7.1}{Figure Environment}{section.1.7}% 15
\BOOKMARK [1][-]{section.1.8}{Citing}{chapter.1}% 16
\BOOKMARK [1][-]{section.1.9}{Footnotes}{chapter.1}% 17
\BOOKMARK [1][-]{section.1.10}{Mathmode}{chapter.1}% 18
\BOOKMARK [1][-]{section.1.11}{Listings}{chapter.1}% 19
\BOOKMARK [1][-]{section.1.12}{Acronyms}{chapter.1}% 20
\BOOKMARK [1][-]{section.1.13}{PDF/A validation}{chapter.1}% 21
\BOOKMARK [0][-]{chapter.2}{Basics}{}% 22
\BOOKMARK [0][-]{chapter.3}{Analysis}{}% 23
\BOOKMARK [0][-]{chapter.4}{Design}{}% 24
\BOOKMARK [0][-]{chapter.5}{Implementation}{}% 25
\BOOKMARK [0][-]{chapter.6}{Conclusion}{}% 26
\BOOKMARK [0][-]{chapter*.5}{Bibliography}{}% 27
